{"/Users/yanfang/MOM/UAC/src/config/index.js": {"path":"/Users/yanfang/MOM/UAC/src/config/index.js","statementMap":{"0":{"start":{"line":1,"column":11},"end":{"line":1,"column":24}},"1":{"start":{"line":2,"column":13},"end":{"line":2,"column":28}},"2":{"start":{"line":5,"column":19},"end":{"line":5,"column":60}},"3":{"start":{"line":6,"column":22},"end":{"line":6,"column":57}},"4":{"start":{"line":9,"column":15},"end":{"line":9,"column":40}},"5":{"start":{"line":12,"column":12},"end":{"line":12,"column":49}},"6":{"start":{"line":14,"column":0},"end":{"line":22,"column":2}}},"fnMap":{},"branchMap":{"0":{"loc":{"start":{"line":12,"column":12},"end":{"line":12,"column":49}},"type":"binary-expr","locations":[{"start":{"line":12,"column":12},"end":{"line":12,"column":32}},{"start":{"line":12,"column":36},"end":{"line":12,"column":49}}],"line":12},"1":{"loc":{"start":{"line":18,"column":12},"end":{"line":18,"column":88}},"type":"cond-expr","locations":[{"start":{"line":18,"column":29},"end":{"line":18,"column":56}},{"start":{"line":18,"column":59},"end":{"line":18,"column":88}}],"line":18}},"s":{"0":4,"1":4,"2":4,"3":4,"4":4,"5":4,"6":4},"f":{},"b":{"0":[4,0],"1":[4,0]},"_coverageSchema":"1a1c01bbd47fc00a2c39e90264f33305004495a9","hash":"806135f168380697d272019098471c4fe48112ff"}
,"/Users/yanfang/MOM/UAC/src/models/data_permission_rule.js": {"path":"/Users/yanfang/MOM/UAC/src/models/data_permission_rule.js","statementMap":{"0":{"start":{"line":1,"column":29},"end":{"line":1,"column":49}},"1":{"start":{"line":6,"column":4},"end":{"line":6,"column":33}},"2":{"start":{"line":7,"column":4},"end":{"line":7,"column":23}},"3":{"start":{"line":12,"column":4},"end":{"line":12,"column":27}},"4":{"start":{"line":13,"column":4},"end":{"line":13,"column":23}},"5":{"start":{"line":17,"column":0},"end":{"line":93,"column":2}},"6":{"start":{"line":18,"column":2},"end":{"line":90,"column":5}},"7":{"start":{"line":92,"column":2},"end":{"line":92,"column":28}}},"fnMap":{"0":{"name":"(anonymous_0)","decl":{"start":{"line":5,"column":2},"end":{"line":5,"column":3}},"loc":{"start":{"line":5,"column":21},"end":{"line":8,"column":3}},"line":5},"1":{"name":"(anonymous_1)","decl":{"start":{"line":11,"column":2},"end":{"line":11,"column":3}},"loc":{"start":{"line":11,"column":18},"end":{"line":14,"column":3}},"line":11},"2":{"name":"(anonymous_2)","decl":{"start":{"line":17,"column":17},"end":{"line":17,"column":18}},"loc":{"start":{"line":17,"column":32},"end":{"line":93,"column":1}},"line":17}},"branchMap":{},"s":{"0":4,"1":0,"2":0,"3":0,"4":0,"5":4,"6":4,"7":4},"f":{"0":0,"1":0,"2":4},"b":{},"_coverageSchema":"1a1c01bbd47fc00a2c39e90264f33305004495a9","hash":"62c458f271d7b8103cd806f8906ec4ed589af1ed"}
,"/Users/yanfang/MOM/UAC/src/models/department.js": {"path":"/Users/yanfang/MOM/UAC/src/models/department.js","statementMap":{"0":{"start":{"line":1,"column":29},"end":{"line":1,"column":49}},"1":{"start":{"line":6,"column":4},"end":{"line":6,"column":33}},"2":{"start":{"line":7,"column":4},"end":{"line":7,"column":23}},"3":{"start":{"line":12,"column":4},"end":{"line":12,"column":27}},"4":{"start":{"line":13,"column":4},"end":{"line":13,"column":23}},"5":{"start":{"line":17,"column":0},"end":{"line":106,"column":2}},"6":{"start":{"line":18,"column":2},"end":{"line":92,"column":5}},"7":{"start":{"line":95,"column":2},"end":{"line":98,"column":5}},"8":{"start":{"line":100,"column":2},"end":{"line":103,"column":5}},"9":{"start":{"line":105,"column":2},"end":{"line":105,"column":20}}},"fnMap":{"0":{"name":"(anonymous_0)","decl":{"start":{"line":5,"column":2},"end":{"line":5,"column":3}},"loc":{"start":{"line":5,"column":21},"end":{"line":8,"column":3}},"line":5},"1":{"name":"(anonymous_1)","decl":{"start":{"line":11,"column":2},"end":{"line":11,"column":3}},"loc":{"start":{"line":11,"column":18},"end":{"line":14,"column":3}},"line":11},"2":{"name":"(anonymous_2)","decl":{"start":{"line":17,"column":17},"end":{"line":17,"column":18}},"loc":{"start":{"line":17,"column":32},"end":{"line":106,"column":1}},"line":17}},"branchMap":{},"s":{"0":4,"1":0,"2":0,"3":0,"4":0,"5":4,"6":4,"7":4,"8":4,"9":4},"f":{"0":0,"1":0,"2":4},"b":{},"_coverageSchema":"1a1c01bbd47fc00a2c39e90264f33305004495a9","hash":"43a80f7317d4aeeeead3fa606b8edc057ea495a5"}
,"/Users/yanfang/MOM/UAC/src/models/department_closure.js": {"path":"/Users/yanfang/MOM/UAC/src/models/department_closure.js","statementMap":{"0":{"start":{"line":1,"column":29},"end":{"line":1,"column":49}},"1":{"start":{"line":5,"column":0},"end":{"line":63,"column":2}},"2":{"start":{"line":6,"column":2},"end":{"line":60,"column":5}},"3":{"start":{"line":62,"column":2},"end":{"line":62,"column":27}}},"fnMap":{"0":{"name":"(anonymous_0)","decl":{"start":{"line":5,"column":17},"end":{"line":5,"column":18}},"loc":{"start":{"line":5,"column":32},"end":{"line":63,"column":1}},"line":5}},"branchMap":{},"s":{"0":4,"1":4,"2":4,"3":4},"f":{"0":4},"b":{},"_coverageSchema":"1a1c01bbd47fc00a2c39e90264f33305004495a9","hash":"fc04e999fdea8d107fe00e7511d149d2518c1d5d"}
,"/Users/yanfang/MOM/UAC/src/models/department_history.js": {"path":"/Users/yanfang/MOM/UAC/src/models/department_history.js","statementMap":{"0":{"start":{"line":1,"column":29},"end":{"line":1,"column":49}},"1":{"start":{"line":5,"column":0},"end":{"line":74,"column":2}},"2":{"start":{"line":6,"column":2},"end":{"line":71,"column":5}},"3":{"start":{"line":73,"column":2},"end":{"line":73,"column":27}}},"fnMap":{"0":{"name":"(anonymous_0)","decl":{"start":{"line":5,"column":17},"end":{"line":5,"column":18}},"loc":{"start":{"line":5,"column":32},"end":{"line":74,"column":1}},"line":5}},"branchMap":{},"s":{"0":4,"1":4,"2":4,"3":4},"f":{"0":4},"b":{},"_coverageSchema":"1a1c01bbd47fc00a2c39e90264f33305004495a9","hash":"6fbdd5dbe65447194d7ab76e98c29cfc17c6b28c"}
,"/Users/yanfang/MOM/UAC/src/models/index.js": {"path":"/Users/yanfang/MOM/UAC/src/models/index.js","statementMap":{"0":{"start":{"line":1,"column":18},"end":{"line":1,"column":40}},"1":{"start":{"line":4,"column":18},"end":{"line":4,"column":35}},"2":{"start":{"line":5,"column":24},"end":{"line":5,"column":47}},"3":{"start":{"line":6,"column":18},"end":{"line":6,"column":35}},"4":{"start":{"line":7,"column":24},"end":{"line":7,"column":47}},"5":{"start":{"line":8,"column":22},"end":{"line":8,"column":44}},"6":{"start":{"line":9,"column":28},"end":{"line":9,"column":56}},"7":{"start":{"line":10,"column":32},"end":{"line":10,"column":65}},"8":{"start":{"line":11,"column":26},"end":{"line":11,"column":52}},"9":{"start":{"line":12,"column":26},"end":{"line":12,"column":52}},"10":{"start":{"line":13,"column":31},"end":{"line":13,"column":62}},"11":{"start":{"line":14,"column":31},"end":{"line":14,"column":62}},"12":{"start":{"line":15,"column":21},"end":{"line":15,"column":46}},"13":{"start":{"line":18,"column":13},"end":{"line":18,"column":33}},"14":{"start":{"line":19,"column":19},"end":{"line":19,"column":45}},"15":{"start":{"line":20,"column":13},"end":{"line":20,"column":33}},"16":{"start":{"line":21,"column":19},"end":{"line":21,"column":45}},"17":{"start":{"line":22,"column":17},"end":{"line":22,"column":41}},"18":{"start":{"line":23,"column":23},"end":{"line":23,"column":53}},"19":{"start":{"line":24,"column":27},"end":{"line":24,"column":61}},"20":{"start":{"line":25,"column":21},"end":{"line":25,"column":49}},"21":{"start":{"line":26,"column":21},"end":{"line":26,"column":49}},"22":{"start":{"line":27,"column":26},"end":{"line":27,"column":59}},"23":{"start":{"line":28,"column":26},"end":{"line":28,"column":59}},"24":{"start":{"line":31,"column":0},"end":{"line":31,"column":60}},"25":{"start":{"line":32,"column":0},"end":{"line":32,"column":58}},"26":{"start":{"line":34,"column":0},"end":{"line":34,"column":71}},"27":{"start":{"line":35,"column":0},"end":{"line":35,"column":71}},"28":{"start":{"line":37,"column":0},"end":{"line":37,"column":83}},"29":{"start":{"line":38,"column":0},"end":{"line":38,"column":89}},"30":{"start":{"line":40,"column":0},"end":{"line":40,"column":60}},"31":{"start":{"line":41,"column":0},"end":{"line":41,"column":62}},"32":{"start":{"line":43,"column":0},"end":{"line":43,"column":54}},"33":{"start":{"line":44,"column":0},"end":{"line":44,"column":56}},"34":{"start":{"line":46,"column":0},"end":{"line":46,"column":54}},"35":{"start":{"line":47,"column":0},"end":{"line":47,"column":56}},"36":{"start":{"line":49,"column":0},"end":{"line":49,"column":86}},"37":{"start":{"line":50,"column":0},"end":{"line":50,"column":90}},"38":{"start":{"line":52,"column":0},"end":{"line":52,"column":54}},"39":{"start":{"line":53,"column":0},"end":{"line":53,"column":56}},"40":{"start":{"line":55,"column":0},"end":{"line":69,"column":2}}},"fnMap":{},"branchMap":{},"s":{"0":4,"1":4,"2":4,"3":4,"4":4,"5":4,"6":4,"7":4,"8":4,"9":4,"10":4,"11":4,"12":4,"13":4,"14":4,"15":4,"16":4,"17":4,"18":4,"19":4,"20":4,"21":4,"22":4,"23":4,"24":4,"25":4,"26":4,"27":4,"28":4,"29":4,"30":4,"31":4,"32":4,"33":4,"34":4,"35":4,"36":4,"37":4,"38":4,"39":4,"40":4},"f":{},"b":{},"_coverageSchema":"1a1c01bbd47fc00a2c39e90264f33305004495a9","hash":"2fa5746897f6ca21e77be91303b25becb9d25b5c"}
,"/Users/yanfang/MOM/UAC/src/models/loginAttempt.js": {"path":"/Users/yanfang/MOM/UAC/src/models/loginAttempt.js","statementMap":{"0":{"start":{"line":3,"column":29},"end":{"line":3,"column":49}},"1":{"start":{"line":4,"column":18},"end":{"line":4,"column":40}},"2":{"start":{"line":8,"column":0},"end":{"line":54,"column":3}},"3":{"start":{"line":56,"column":0},"end":{"line":56,"column":30}}},"fnMap":{},"branchMap":{},"s":{"0":4,"1":4,"2":4,"3":4},"f":{},"b":{},"_coverageSchema":"1a1c01bbd47fc00a2c39e90264f33305004495a9","hash":"74628e5e4b128327434ec2634e02f99fff6d9a86"}
,"/Users/yanfang/MOM/UAC/src/models/operation_log.js": {"path":"/Users/yanfang/MOM/UAC/src/models/operation_log.js","statementMap":{"0":{"start":{"line":1,"column":29},"end":{"line":1,"column":49}},"1":{"start":{"line":5,"column":0},"end":{"line":97,"column":2}},"2":{"start":{"line":6,"column":2},"end":{"line":94,"column":5}},"3":{"start":{"line":96,"column":2},"end":{"line":96,"column":22}}},"fnMap":{"0":{"name":"(anonymous_0)","decl":{"start":{"line":5,"column":17},"end":{"line":5,"column":18}},"loc":{"start":{"line":5,"column":32},"end":{"line":97,"column":1}},"line":5}},"branchMap":{},"s":{"0":4,"1":4,"2":4,"3":4},"f":{"0":4},"b":{},"_coverageSchema":"1a1c01bbd47fc00a2c39e90264f33305004495a9","hash":"003be98cc35bb7684a3b2947077c075cc87a3e3f"}
,"/Users/yanfang/MOM/UAC/src/models/permission.js": {"path":"/Users/yanfang/MOM/UAC/src/models/permission.js","statementMap":{"0":{"start":{"line":1,"column":29},"end":{"line":1,"column":49}},"1":{"start":{"line":2,"column":18},"end":{"line":2,"column":40}},"2":{"start":{"line":7,"column":4},"end":{"line":7,"column":33}},"3":{"start":{"line":8,"column":4},"end":{"line":8,"column":23}},"4":{"start":{"line":13,"column":4},"end":{"line":13,"column":27}},"5":{"start":{"line":14,"column":4},"end":{"line":14,"column":23}},"6":{"start":{"line":18,"column":0},"end":{"line":105,"column":2}},"7":{"start":{"line":19,"column":2},"end":{"line":102,"column":5}},"8":{"start":{"line":104,"column":2},"end":{"line":104,"column":20}}},"fnMap":{"0":{"name":"(anonymous_0)","decl":{"start":{"line":6,"column":2},"end":{"line":6,"column":3}},"loc":{"start":{"line":6,"column":21},"end":{"line":9,"column":3}},"line":6},"1":{"name":"(anonymous_1)","decl":{"start":{"line":12,"column":2},"end":{"line":12,"column":3}},"loc":{"start":{"line":12,"column":18},"end":{"line":15,"column":3}},"line":12},"2":{"name":"(anonymous_2)","decl":{"start":{"line":18,"column":17},"end":{"line":18,"column":18}},"loc":{"start":{"line":18,"column":32},"end":{"line":105,"column":1}},"line":18}},"branchMap":{},"s":{"0":4,"1":4,"2":0,"3":0,"4":0,"5":0,"6":4,"7":4,"8":4},"f":{"0":0,"1":0,"2":4},"b":{},"_coverageSchema":"1a1c01bbd47fc00a2c39e90264f33305004495a9","hash":"331fc04f926c5cee24481e1a0b3a12aeddfe4c68"}
,"/Users/yanfang/MOM/UAC/src/models/refresh_token.js": {"path":"/Users/yanfang/MOM/UAC/src/models/refresh_token.js","statementMap":{"0":{"start":{"line":1,"column":29},"end":{"line":1,"column":49}},"1":{"start":{"line":2,"column":18},"end":{"line":2,"column":40}},"2":{"start":{"line":6,"column":0},"end":{"line":74,"column":2}},"3":{"start":{"line":7,"column":2},"end":{"line":71,"column":5}},"4":{"start":{"line":73,"column":2},"end":{"line":73,"column":22}}},"fnMap":{"0":{"name":"(anonymous_0)","decl":{"start":{"line":6,"column":17},"end":{"line":6,"column":18}},"loc":{"start":{"line":6,"column":32},"end":{"line":74,"column":1}},"line":6}},"branchMap":{},"s":{"0":4,"1":4,"2":4,"3":4,"4":4},"f":{"0":4},"b":{},"_coverageSchema":"1a1c01bbd47fc00a2c39e90264f33305004495a9","hash":"bf1c692a880c8b520ae11cbbaafff53f2d7e3fcc"}
,"/Users/yanfang/MOM/UAC/src/models/role.js": {"path":"/Users/yanfang/MOM/UAC/src/models/role.js","statementMap":{"0":{"start":{"line":1,"column":29},"end":{"line":1,"column":49}},"1":{"start":{"line":2,"column":18},"end":{"line":2,"column":40}},"2":{"start":{"line":7,"column":4},"end":{"line":7,"column":33}},"3":{"start":{"line":8,"column":4},"end":{"line":8,"column":23}},"4":{"start":{"line":13,"column":4},"end":{"line":13,"column":27}},"5":{"start":{"line":14,"column":4},"end":{"line":14,"column":23}},"6":{"start":{"line":18,"column":0},"end":{"line":89,"column":2}},"7":{"start":{"line":19,"column":2},"end":{"line":86,"column":5}},"8":{"start":{"line":88,"column":2},"end":{"line":88,"column":14}}},"fnMap":{"0":{"name":"(anonymous_0)","decl":{"start":{"line":6,"column":2},"end":{"line":6,"column":3}},"loc":{"start":{"line":6,"column":21},"end":{"line":9,"column":3}},"line":6},"1":{"name":"(anonymous_1)","decl":{"start":{"line":12,"column":2},"end":{"line":12,"column":3}},"loc":{"start":{"line":12,"column":18},"end":{"line":15,"column":3}},"line":12},"2":{"name":"(anonymous_2)","decl":{"start":{"line":18,"column":17},"end":{"line":18,"column":18}},"loc":{"start":{"line":18,"column":32},"end":{"line":89,"column":1}},"line":18}},"branchMap":{},"s":{"0":4,"1":4,"2":0,"3":0,"4":0,"5":0,"6":4,"7":4,"8":4},"f":{"0":0,"1":0,"2":4},"b":{},"_coverageSchema":"1a1c01bbd47fc00a2c39e90264f33305004495a9","hash":"74cbba954eb84e1d19fa502c859262686e89a50e"}
,"/Users/yanfang/MOM/UAC/src/models/role_permission.js": {"path":"/Users/yanfang/MOM/UAC/src/models/role_permission.js","statementMap":{"0":{"start":{"line":1,"column":29},"end":{"line":1,"column":49}},"1":{"start":{"line":3,"column":0},"end":{"line":48,"column":2}},"2":{"start":{"line":6,"column":2},"end":{"line":45,"column":5}},"3":{"start":{"line":47,"column":2},"end":{"line":47,"column":24}}},"fnMap":{"0":{"name":"(anonymous_0)","decl":{"start":{"line":3,"column":17},"end":{"line":3,"column":18}},"loc":{"start":{"line":3,"column":32},"end":{"line":48,"column":1}},"line":3}},"branchMap":{},"s":{"0":4,"1":4,"2":4,"3":4},"f":{"0":4},"b":{},"_coverageSchema":"1a1c01bbd47fc00a2c39e90264f33305004495a9","hash":"ac5bbff499e75f5156a492d07069e85854f2c505"}
,"/Users/yanfang/MOM/UAC/src/models/user.js": {"path":"/Users/yanfang/MOM/UAC/src/models/user.js","statementMap":{"0":{"start":{"line":1,"column":29},"end":{"line":1,"column":49}},"1":{"start":{"line":2,"column":15},"end":{"line":2,"column":34}},"2":{"start":{"line":3,"column":15},"end":{"line":3,"column":35}},"3":{"start":{"line":4,"column":19},"end":{"line":4,"column":45}},"4":{"start":{"line":8,"column":4},"end":{"line":8,"column":56}},"5":{"start":{"line":13,"column":16},"end":{"line":13,"column":26}},"6":{"start":{"line":14,"column":4},"end":{"line":16,"column":7}},"7":{"start":{"line":17,"column":4},"end":{"line":17,"column":25}},"8":{"start":{"line":18,"column":4},"end":{"line":18,"column":16}},"9":{"start":{"line":23,"column":4},"end":{"line":25,"column":5}},"10":{"start":{"line":24,"column":6},"end":{"line":24,"column":46}},"11":{"start":{"line":28,"column":4},"end":{"line":28,"column":29}},"12":{"start":{"line":31,"column":4},"end":{"line":33,"column":7}},"13":{"start":{"line":36,"column":4},"end":{"line":36,"column":28}},"14":{"start":{"line":38,"column":4},"end":{"line":38,"column":20}},"15":{"start":{"line":42,"column":0},"end":{"line":146,"column":2}},"16":{"start":{"line":43,"column":2},"end":{"line":143,"column":5}},"17":{"start":{"line":145,"column":2},"end":{"line":145,"column":14}}},"fnMap":{"0":{"name":"(anonymous_0)","decl":{"start":{"line":7,"column":2},"end":{"line":7,"column":3}},"loc":{"start":{"line":7,"column":46},"end":{"line":9,"column":3}},"line":7},"1":{"name":"(anonymous_1)","decl":{"start":{"line":12,"column":2},"end":{"line":12,"column":3}},"loc":{"start":{"line":12,"column":21},"end":{"line":19,"column":3}},"line":12},"2":{"name":"(anonymous_2)","decl":{"start":{"line":22,"column":2},"end":{"line":22,"column":3}},"loc":{"start":{"line":22,"column":33},"end":{"line":39,"column":3}},"line":22},"3":{"name":"(anonymous_3)","decl":{"start":{"line":42,"column":17},"end":{"line":42,"column":18}},"loc":{"start":{"line":42,"column":32},"end":{"line":146,"column":1}},"line":42}},"branchMap":{"0":{"loc":{"start":{"line":23,"column":4},"end":{"line":25,"column":5}},"type":"if","locations":[{"start":{"line":23,"column":4},"end":{"line":25,"column":5}},{"start":{},"end":{}}],"line":23}},"s":{"0":4,"1":4,"2":4,"3":4,"4":0,"5":0,"6":0,"7":0,"8":0,"9":0,"10":0,"11":0,"12":0,"13":0,"14":0,"15":4,"16":4,"17":4},"f":{"0":0,"1":0,"2":0,"3":4},"b":{"0":[0,0]},"_coverageSchema":"1a1c01bbd47fc00a2c39e90264f33305004495a9","hash":"be4275e3e9ce1d95726dded17b8850903a01c182"}
,"/Users/yanfang/MOM/UAC/src/models/user_role.js": {"path":"/Users/yanfang/MOM/UAC/src/models/user_role.js","statementMap":{"0":{"start":{"line":1,"column":29},"end":{"line":1,"column":49}},"1":{"start":{"line":3,"column":0},"end":{"line":48,"column":2}},"2":{"start":{"line":6,"column":2},"end":{"line":45,"column":5}},"3":{"start":{"line":47,"column":2},"end":{"line":47,"column":18}}},"fnMap":{"0":{"name":"(anonymous_0)","decl":{"start":{"line":3,"column":17},"end":{"line":3,"column":18}},"loc":{"start":{"line":3,"column":32},"end":{"line":48,"column":1}},"line":3}},"branchMap":{},"s":{"0":4,"1":4,"2":4,"3":4},"f":{"0":4},"b":{},"_coverageSchema":"1a1c01bbd47fc00a2c39e90264f33305004495a9","hash":"50cd4723b9b07bff63d55ca70eac1517ef62686c"}
,"/Users/yanfang/MOM/UAC/src/utils/db.js": {"path":"/Users/yanfang/MOM/UAC/src/utils/db.js","statementMap":{"0":{"start":{"line":1,"column":22},"end":{"line":1,"column":42}},"1":{"start":{"line":2,"column":11},"end":{"line":2,"column":24}},"2":{"start":{"line":3,"column":13},"end":{"line":3,"column":28}},"3":{"start":{"line":4,"column":15},"end":{"line":4,"column":34}},"4":{"start":{"line":7,"column":19},"end":{"line":7,"column":60}},"5":{"start":{"line":8,"column":22},"end":{"line":8,"column":57}},"6":{"start":{"line":9,"column":15},"end":{"line":9,"column":40}},"7":{"start":{"line":11,"column":18},"end":{"line":30,"column":2}},"8":{"start":{"line":33,"column":0},"end":{"line":40,"column":5}},"9":{"start":{"line":35,"column":4},"end":{"line":35,"column":51}},"10":{"start":{"line":38,"column":4},"end":{"line":38,"column":60}},"11":{"start":{"line":39,"column":4},"end":{"line":39,"column":21}},"12":{"start":{"line":42,"column":0},"end":{"line":42,"column":27}}},"fnMap":{"0":{"name":"(anonymous_0)","decl":{"start":{"line":34,"column":8},"end":{"line":34,"column":9}},"loc":{"start":{"line":34,"column":14},"end":{"line":36,"column":3}},"line":34},"1":{"name":"(anonymous_1)","decl":{"start":{"line":37,"column":9},"end":{"line":37,"column":10}},"loc":{"start":{"line":37,"column":16},"end":{"line":40,"column":3}},"line":37}},"branchMap":{},"s":{"0":4,"1":4,"2":4,"3":4,"4":4,"5":4,"6":4,"7":4,"8":4,"9":4,"10":0,"11":0,"12":4},"f":{"0":4,"1":0},"b":{},"_coverageSchema":"1a1c01bbd47fc00a2c39e90264f33305004495a9","hash":"d1f5baddd4c6443a138ae830ca29ac6067c4e674"}
,"/Users/yanfang/MOM/UAC/src/utils/logger.js": {"path":"/Users/yanfang/MOM/UAC/src/utils/logger.js","statementMap":{"0":{"start":{"line":1,"column":16},"end":{"line":1,"column":34}},"1":{"start":{"line":2,"column":11},"end":{"line":2,"column":24}},"2":{"start":{"line":3,"column":13},"end":{"line":3,"column":28}},"3":{"start":{"line":4,"column":15},"end":{"line":4,"column":43}},"4":{"start":{"line":5,"column":0},"end":{"line":5,"column":37}},"5":{"start":{"line":8,"column":15},"end":{"line":8,"column":48}},"6":{"start":{"line":9,"column":0},"end":{"line":11,"column":1}},"7":{"start":{"line":10,"column":4},"end":{"line":10,"column":46}},"8":{"start":{"line":14,"column":18},"end":{"line":17,"column":1}},"9":{"start":{"line":20,"column":15},"end":{"line":44,"column":2}},"10":{"start":{"line":47,"column":0},"end":{"line":54,"column":1}},"11":{"start":{"line":48,"column":4},"end":{"line":53,"column":8}},"12":{"start":{"line":57,"column":0},"end":{"line":65,"column":2}},"13":{"start":{"line":68,"column":0},"end":{"line":76,"column":2}},"14":{"start":{"line":78,"column":0},"end":{"line":78,"column":24}}},"fnMap":{},"branchMap":{"0":{"loc":{"start":{"line":9,"column":0},"end":{"line":11,"column":1}},"type":"if","locations":[{"start":{"line":9,"column":0},"end":{"line":11,"column":1}},{"start":{},"end":{}}],"line":9},"1":{"loc":{"start":{"line":21,"column":11},"end":{"line":21,"column":82}},"type":"cond-expr","locations":[{"start":{"line":21,"column":52},"end":{"line":21,"column":59}},{"start":{"line":21,"column":62},"end":{"line":21,"column":82}}],"line":21},"2":{"loc":{"start":{"line":47,"column":0},"end":{"line":54,"column":1}},"type":"if","locations":[{"start":{"line":47,"column":0},"end":{"line":54,"column":1}},{"start":{},"end":{}}],"line":47}},"s":{"0":4,"1":4,"2":4,"3":4,"4":4,"5":4,"6":4,"7":0,"8":4,"9":4,"10":4,"11":4,"12":4,"13":4,"14":4},"f":{},"b":{"0":[0,4],"1":[0,4],"2":[4,0]},"_coverageSchema":"1a1c01bbd47fc00a2c39e90264f33305004495a9","hash":"9da19f799f120c6cd7d5af4ccf161d833d40cf1d"}
}
