TN:
SF:src/app.js
FN:27,(anonymous_0)
FNF:1
FNH:0
FNDA:0,(anonymous_0)
DA:1,3
DA:2,3
DA:3,3
DA:4,3
DA:5,3
DA:6,3
DA:7,3
DA:10,3
DA:13,3
DA:14,3
DA:15,3
DA:18,3
DA:19,3
DA:22,3
DA:25,3
DA:26,0
DA:27,0
DA:28,0
LF:18
LH:15
BRDA:25,0,0,0
BRDA:25,0,1,3
BRDA:26,1,0,0
BRDA:26,1,1,0
BRF:4
BRH:1
end_of_record
TN:
SF:src/config/database.js
FNF:0
FNH:0
DA:1,3
DA:2,3
DA:4,3
DA:25,3
LF:4
LH:4
BRF:0
BRH:0
end_of_record
TN:
SF:src/config/index.js
FNF:0
FNH:0
DA:1,3
DA:2,3
DA:5,3
DA:6,3
DA:9,3
DA:11,3
LF:6
LH:6
BRDA:12,0,0,3
BRDA:12,0,1,0
BRF:2
BRH:1
end_of_record
TN:
SF:src/controllers/departmentController.js
FN:6,(anonymous_0)
FN:50,(anonymous_1)
FN:82,(anonymous_2)
FN:126,(anonymous_3)
FN:140,(anonymous_4)
FNF:5
FNH:0
FNDA:0,(anonymous_0)
FNDA:0,(anonymous_1)
FNDA:0,(anonymous_2)
FNDA:0,(anonymous_3)
FNDA:0,(anonymous_4)
DA:1,3
DA:2,3
DA:7,0
DA:14,0
DA:16,0
DA:24,0
DA:25,0
DA:31,0
DA:32,0
DA:33,0
DA:39,0
DA:40,0
DA:51,0
DA:52,0
DA:66,0
DA:72,0
DA:73,0
DA:83,0
DA:84,0
DA:85,0
DA:87,0
DA:89,0
DA:90,0
DA:91,0
DA:96,0
DA:99,0
DA:101,0
DA:107,0
DA:108,0
DA:109,0
DA:115,0
DA:116,0
DA:127,0
DA:128,0
DA:129,0
DA:131,0
DA:133,0
DA:134,0
DA:139,0
DA:140,0
DA:144,0
DA:150,0
DA:156,0
DA:157,0
DA:166,3
LF:45
LH:3
BRDA:31,0,0,0
BRDA:31,0,1,0
BRDA:89,1,0,0
BRDA:89,1,1,0
BRDA:107,2,0,0
BRDA:107,2,1,0
BRDA:133,3,0,0
BRDA:133,3,1,0
BRF:8
BRH:0
end_of_record
TN:
SF:src/controllers/permissionController.js
FN:5,(anonymous_0)
FN:50,(anonymous_1)
FN:67,(anonymous_2)
FN:74,(anonymous_3)
FN:102,(anonymous_4)
FN:128,(anonymous_5)
FNF:6
FNH:0
FNDA:0,(anonymous_0)
FNDA:0,(anonymous_1)
FNDA:0,(anonymous_2)
FNDA:0,(anonymous_3)
FNDA:0,(anonymous_4)
FNDA:0,(anonymous_5)
DA:1,3
DA:6,0
DA:9,0
DA:10,0
DA:11,0
DA:12,0
DA:13,0
DA:18,0
DA:22,0
DA:23,0
DA:24,0
DA:25,0
DA:26,0
DA:31,0
DA:35,0
DA:40,0
DA:42,0
DA:51,0
DA:53,0
DA:62,0
DA:63,0
DA:67,0
DA:75,0
DA:77,0
DA:91,0
DA:92,0
DA:103,0
DA:105,0
DA:111,0
DA:114,0
DA:118,0
DA:120,0
DA:129,0
DA:131,0
DA:137,0
DA:138,0
DA:140,0
DA:141,0
DA:142,0
DA:143,0
DA:146,0
DA:147,0
DA:148,0
DA:151,0
DA:152,0
DA:160,3
LF:46
LH:2
BRDA:11,0,0,0
BRDA:11,0,1,0
BRDA:24,1,0,0
BRDA:24,1,1,0
BRDA:140,2,0,0
BRDA:140,2,1,0
BRDA:146,3,0,0
BRDA:146,3,1,0
BRF:8
BRH:0
end_of_record
TN:
SF:src/controllers/userController.js
FN:9,(anonymous_0)
FN:53,(anonymous_1)
FN:109,(anonymous_2)
FN:135,(anonymous_3)
FN:159,(anonymous_4)
FNF:5
FNH:0
FNDA:0,(anonymous_0)
FNDA:0,(anonymous_1)
FNDA:0,(anonymous_2)
FNDA:0,(anonymous_3)
FNDA:0,(anonymous_4)
DA:1,3
DA:2,3
DA:3,3
DA:4,3
DA:5,3
DA:10,0
DA:11,0
DA:13,0
DA:19,0
DA:21,0
DA:31,0
DA:33,0
DA:34,0
DA:35,0
DA:40,0
DA:43,0
DA:44,0
DA:54,0
DA:55,0
DA:57,0
DA:58,0
DA:61,0
DA:62,0
DA:63,0
DA:64,0
DA:65,0
DA:70,0
DA:73,0
DA:74,0
DA:76,0
DA:87,0
DA:89,0
DA:90,0
DA:91,0
DA:96,0
DA:99,0
DA:100,0
DA:110,0
DA:111,0
DA:113,0
DA:114,0
DA:116,0
DA:117,0
DA:118,0
DA:120,0
DA:128,0
DA:130,0
DA:135,0
DA:148,0
DA:149,0
DA:150,0
DA:160,0
DA:162,0
DA:163,0
DA:165,0
DA:166,0
DA:167,0
DA:168,0
DA:169,0
DA:174,0
DA:177,0
DA:178,0
DA:179,0
DA:180,0
DA:181,0
DA:186,0
DA:189,0
DA:191,0
DA:197,0
DA:206,0
DA:207,0
DA:208,0
DA:217,3
LF:73
LH:6
BRDA:33,0,0,0
BRDA:33,0,1,0
BRDA:37,1,0,0
BRDA:37,1,1,0
BRDA:62,2,0,0
BRDA:62,2,1,0
BRDA:89,3,0,0
BRDA:89,3,1,0
BRDA:93,4,0,0
BRDA:93,4,1,0
BRDA:110,5,0,0
BRDA:110,6,0,0
BRDA:117,7,0,0
BRDA:117,7,1,0
BRDA:118,8,0,0
BRDA:118,8,1,0
BRDA:166,9,0,0
BRDA:166,9,1,0
BRDA:178,10,0,0
BRDA:178,10,1,0
BRF:20
BRH:0
end_of_record
TN:
SF:src/middlewares/errorHandler.js
FN:3,(anonymous_0)
FNF:1
FNH:0
FNDA:0,(anonymous_0)
DA:1,3
DA:3,3
DA:4,0
DA:5,0
DA:7,0
DA:9,0
DA:10,0
DA:17,0
DA:18,0
DA:23,3
LF:10
LH:3
BRDA:9,0,0,0
BRDA:9,0,1,0
BRDA:11,1,0,0
BRDA:11,1,1,0
BRDA:12,2,0,0
BRDA:12,2,1,0
BRDA:17,3,0,0
BRDA:17,3,1,0
BRF:8
BRH:0
end_of_record
TN:
SF:src/models/data_permission_rule.js
FNF:0
FNH:0
DA:1,3
DA:2,3
DA:6,3
DA:60,3
LF:4
LH:4
BRF:0
BRH:0
end_of_record
TN:
SF:src/models/department.js
FNF:0
FNH:0
DA:1,3
DA:2,3
DA:6,3
DA:72,3
DA:77,3
DA:82,3
LF:6
LH:6
BRF:0
BRH:0
end_of_record
TN:
SF:src/models/department_closure.js
FNF:0
FNH:0
DA:1,3
DA:2,3
DA:6,3
DA:48,3
LF:4
LH:4
BRF:0
BRH:0
end_of_record
TN:
SF:src/models/index.js
FNF:0
FNH:0
DA:1,3
DA:2,3
DA:3,3
DA:4,3
DA:5,3
DA:6,3
DA:7,3
DA:8,3
DA:9,3
DA:10,3
DA:11,3
DA:14,3
DA:15,3
DA:17,3
DA:18,3
DA:20,3
DA:21,3
DA:23,3
DA:24,3
DA:26,3
DA:27,3
DA:29,3
DA:30,3
DA:32,3
DA:39,3
DA:46,3
LF:26
LH:26
BRF:0
BRH:0
end_of_record
TN:
SF:src/models/operation_log.js
FNF:0
FNH:0
DA:1,3
DA:2,3
DA:6,3
DA:87,3
LF:4
LH:4
BRF:0
BRH:0
end_of_record
TN:
SF:src/models/permission.js
FNF:0
FNH:0
DA:1,3
DA:2,3
DA:6,3
DA:77,3
LF:4
LH:4
BRF:0
BRH:0
end_of_record
TN:
SF:src/models/refresh_token.js
FNF:0
FNH:0
DA:1,3
DA:2,3
DA:6,3
DA:57,3
LF:4
LH:4
BRF:0
BRH:0
end_of_record
TN:
SF:src/models/role.js
FNF:0
FNH:0
DA:1,3
DA:2,3
DA:6,3
DA:46,3
LF:4
LH:4
BRF:0
BRH:0
end_of_record
TN:
SF:src/models/role_permission.js
FNF:0
FNH:0
DA:1,3
DA:2,3
DA:6,3
DA:40,3
LF:4
LH:4
BRF:0
BRH:0
end_of_record
TN:
SF:src/models/user.js
FN:8,(anonymous_0)
FNF:1
FNH:0
FNDA:0,(anonymous_0)
DA:1,3
DA:2,3
DA:3,3
DA:4,3
DA:5,3
DA:9,0
DA:13,3
DA:96,3
LF:8
LH:7
BRF:0
BRH:0
end_of_record
TN:
SF:src/models/user_role.js
FNF:0
FNH:0
DA:1,3
DA:2,3
DA:6,3
DA:40,3
LF:4
LH:4
BRF:0
BRH:0
end_of_record
TN:
SF:src/routes/index.js
FNF:0
FNH:0
DA:1,3
DA:2,3
DA:3,3
DA:4,3
DA:6,3
DA:9,3
DA:10,3
DA:11,3
DA:12,3
DA:15,3
DA:16,3
DA:17,3
DA:18,3
DA:21,3
DA:22,3
DA:23,3
DA:24,3
DA:25,3
DA:27,3
LF:19
LH:19
BRF:0
BRH:0
end_of_record
TN:
SF:src/utils/db.js
FN:28,(anonymous_0)
FN:31,(anonymous_1)
FNF:2
FNH:1
FNDA:3,(anonymous_0)
FNDA:0,(anonymous_1)
DA:1,3
DA:2,3
DA:3,3
DA:5,3
DA:27,3
DA:29,3
DA:32,0
DA:33,0
DA:36,3
LF:9
LH:7
BRF:0
BRH:0
end_of_record
TN:
SF:src/utils/logger.js
FNF:0
FNH:0
DA:1,3
DA:2,3
DA:4,3
DA:18,3
LF:4
LH:4
BRF:0
BRH:0
end_of_record
