TN:
SF:src/config/index.js
FNF:0
FNH:0
DA:1,4
DA:2,4
DA:5,4
DA:6,4
DA:9,4
DA:12,4
DA:14,4
LF:7
LH:7
BRDA:12,0,0,4
BRDA:12,0,1,0
BRDA:18,1,0,4
BRDA:18,1,1,0
BRF:4
BRH:2
end_of_record
TN:
SF:src/models/data_permission_rule.js
FN:5,(anonymous_0)
FN:11,(anonymous_1)
FN:17,(anonymous_2)
FNF:3
FNH:1
FNDA:0,(anonymous_0)
FNDA:0,(anonymous_1)
FNDA:4,(anonymous_2)
DA:1,4
DA:6,0
DA:7,0
DA:12,0
DA:13,0
DA:17,4
DA:18,4
DA:92,4
LF:8
LH:4
BRF:0
BRH:0
end_of_record
TN:
SF:src/models/department.js
FN:5,(anonymous_0)
FN:11,(anonymous_1)
FN:17,(anonymous_2)
FNF:3
FNH:1
FNDA:0,(anonymous_0)
FNDA:0,(anonymous_1)
FNDA:4,(anonymous_2)
DA:1,4
DA:6,0
DA:7,0
DA:12,0
DA:13,0
DA:17,4
DA:18,4
DA:95,4
DA:100,4
DA:105,4
LF:10
LH:6
BRF:0
BRH:0
end_of_record
TN:
SF:src/models/department_closure.js
FN:5,(anonymous_0)
FNF:1
FNH:1
FNDA:4,(anonymous_0)
DA:1,4
DA:5,4
DA:6,4
DA:62,4
LF:4
LH:4
BRF:0
BRH:0
end_of_record
TN:
SF:src/models/department_history.js
FN:5,(anonymous_0)
FNF:1
FNH:1
FNDA:4,(anonymous_0)
DA:1,4
DA:5,4
DA:6,4
DA:73,4
LF:4
LH:4
BRF:0
BRH:0
end_of_record
TN:
SF:src/models/index.js
FNF:0
FNH:0
DA:1,4
DA:4,4
DA:5,4
DA:6,4
DA:7,4
DA:8,4
DA:9,4
DA:10,4
DA:11,4
DA:12,4
DA:13,4
DA:14,4
DA:15,4
DA:18,4
DA:19,4
DA:20,4
DA:21,4
DA:22,4
DA:23,4
DA:24,4
DA:25,4
DA:26,4
DA:27,4
DA:28,4
DA:31,4
DA:32,4
DA:34,4
DA:35,4
DA:37,4
DA:38,4
DA:40,4
DA:41,4
DA:43,4
DA:44,4
DA:46,4
DA:47,4
DA:49,4
DA:50,4
DA:52,4
DA:53,4
DA:55,4
LF:41
LH:41
BRF:0
BRH:0
end_of_record
TN:
SF:src/models/loginAttempt.js
FNF:0
FNH:0
DA:3,4
DA:4,4
DA:8,4
DA:56,4
LF:4
LH:4
BRF:0
BRH:0
end_of_record
TN:
SF:src/models/operation_log.js
FN:5,(anonymous_0)
FNF:1
FNH:1
FNDA:4,(anonymous_0)
DA:1,4
DA:5,4
DA:6,4
DA:96,4
LF:4
LH:4
BRF:0
BRH:0
end_of_record
TN:
SF:src/models/permission.js
FN:6,(anonymous_0)
FN:12,(anonymous_1)
FN:18,(anonymous_2)
FNF:3
FNH:1
FNDA:0,(anonymous_0)
FNDA:0,(anonymous_1)
FNDA:4,(anonymous_2)
DA:1,4
DA:2,4
DA:7,0
DA:8,0
DA:13,0
DA:14,0
DA:18,4
DA:19,4
DA:104,4
LF:9
LH:5
BRF:0
BRH:0
end_of_record
TN:
SF:src/models/refresh_token.js
FN:6,(anonymous_0)
FNF:1
FNH:1
FNDA:4,(anonymous_0)
DA:1,4
DA:2,4
DA:6,4
DA:7,4
DA:73,4
LF:5
LH:5
BRF:0
BRH:0
end_of_record
TN:
SF:src/models/role.js
FN:6,(anonymous_0)
FN:12,(anonymous_1)
FN:18,(anonymous_2)
FNF:3
FNH:1
FNDA:0,(anonymous_0)
FNDA:0,(anonymous_1)
FNDA:4,(anonymous_2)
DA:1,4
DA:2,4
DA:7,0
DA:8,0
DA:13,0
DA:14,0
DA:18,4
DA:19,4
DA:88,4
LF:9
LH:5
BRF:0
BRH:0
end_of_record
TN:
SF:src/models/role_permission.js
FN:3,(anonymous_0)
FNF:1
FNH:1
FNDA:4,(anonymous_0)
DA:1,4
DA:3,4
DA:6,4
DA:47,4
LF:4
LH:4
BRF:0
BRH:0
end_of_record
TN:
SF:src/models/user.js
FN:7,(anonymous_0)
FN:12,(anonymous_1)
FN:22,(anonymous_2)
FN:42,(anonymous_3)
FNF:4
FNH:1
FNDA:0,(anonymous_0)
FNDA:0,(anonymous_1)
FNDA:0,(anonymous_2)
FNDA:4,(anonymous_3)
DA:1,4
DA:2,4
DA:3,4
DA:4,4
DA:8,0
DA:13,0
DA:14,0
DA:17,0
DA:18,0
DA:23,0
DA:24,0
DA:28,0
DA:31,0
DA:36,0
DA:38,0
DA:42,4
DA:43,4
DA:145,4
LF:18
LH:7
BRDA:23,0,0,0
BRDA:23,0,1,0
BRF:2
BRH:0
end_of_record
TN:
SF:src/models/user_role.js
FN:3,(anonymous_0)
FNF:1
FNH:1
FNDA:4,(anonymous_0)
DA:1,4
DA:3,4
DA:6,4
DA:47,4
LF:4
LH:4
BRF:0
BRH:0
end_of_record
TN:
SF:src/utils/db.js
FN:34,(anonymous_0)
FN:37,(anonymous_1)
FNF:2
FNH:1
FNDA:4,(anonymous_0)
FNDA:0,(anonymous_1)
DA:1,4
DA:2,4
DA:3,4
DA:4,4
DA:7,4
DA:8,4
DA:9,4
DA:11,4
DA:33,4
DA:35,4
DA:38,0
DA:39,0
DA:42,4
LF:13
LH:11
BRF:0
BRH:0
end_of_record
TN:
SF:src/utils/logger.js
FNF:0
FNH:0
DA:1,4
DA:2,4
DA:3,4
DA:4,4
DA:5,4
DA:8,4
DA:9,4
DA:10,0
DA:14,4
DA:20,4
DA:47,4
DA:48,4
DA:57,4
DA:68,4
DA:78,4
LF:15
LH:14
BRDA:9,0,0,0
BRDA:9,0,1,4
BRDA:21,1,0,0
BRDA:21,1,1,4
BRDA:47,2,0,4
BRDA:47,2,1,0
BRF:6
BRH:3
end_of_record
